<?xml version="1.0" encoding="UTF-8"?>
<!-- Generated by org.testng.reporters.JUnitReportReporter -->
<testsuite hostname="DESKTOP-7HU4FI7" failures="0" tests="1" name="TestAparmans" time="3.984" errors="0" timestamp="2022-01-26T12:02:39 CET" skipped="0">
  <testcase classname="TestAparmans" name="newApartman" time="3.984"/>
  <system-out/>
</testsuite> <!-- TestAparmans -->
