<?xml version="1.0" encoding="UTF-8"?>
<!-- Generated by org.testng.reporters.JUnitReportReporter -->
<testsuite hostname="DESKTOP-7HU4FI7" failures="0" tests="1" name="TestDemo" time="5.849" errors="0" timestamp="2022-02-02T13:42:19 CET" skipped="0">
  <testcase classname="TestDemo" name="testForms" time="5.849"/>
  <system-out/>
</testsuite> <!-- TestDemo -->
